{
  "RSpec": {
    "coverage": {
      "/home/viacheslav/rails_projects/list/mylist-back/spec/controllers/api/v1/users_controllers_spec.rb": [
        1,
        null,
        1,
        null,
        1,
        1,
        1,
        21,
        2,
        null,
        null,
        1,
        1,
        null,
        1,
        1,
        0,
        0,
        null,
        null,
        1,
        0,
        null,
        0,
        null,
        1,
        0,
        null,
        0,
        null,
        null,
        null,
        1,
        1,
        0,
        null,
        0,
        null,
        null,
        1,
        0,
        null,
        0,
        null,
        null,
        null,
        1,
        1,
        0,
        0,
        0,
        null,
        0,
        null,
        0,
        null,
        null,
        null,
        null
      ],
      "/home/viacheslav/rails_projects/list/mylist-back/spec/rails_helper.rb": [
        null,
        1,
        1,
        1,
        null,
        1,
        1,
        1,
        null,
        null,
        null,
        null,
        null,
        null,
        null,
        null,
        null,
        null,
        null,
        null,
        null,
        null,
        null,
        null,
        null,
        null,
        null,
        null,
        1,
        1,
        null,
        0,
        0,
        null,
        1,
        null,
        1,
        null,
        null,
        null,
        null,
        1,
        null,
        null,
        null,
        null,
        null,
        null,
        null,
        null,
        null,
        null,
        null,
        null,
        null,
        null,
        1,
        null,
        null,
        1,
        null,
        null,
        null
      ],
      "/home/viacheslav/rails_projects/list/mylist-back/config/environment.rb": [
        null,
        1,
        null,
        null,
        1
      ],
      "/home/viacheslav/rails_projects/list/mylist-back/config/application.rb": [
        1,
        null,
        1,
        null,
        null,
        null,
        1,
        null,
        1,
        1,
        null,
        1,
        null,
        null,
        null,
        null,
        null,
        null,
        null
      ],
      "/home/viacheslav/rails_projects/list/mylist-back/config/boot.rb": [
        1,
        null,
        1,
        1
      ],
      "/home/viacheslav/rails_projects/list/mylist-back/config/environments/test.rb": [
        1,
        null,
        null,
        null,
        null,
        null,
        null,
        1,
        null,
        null,
        null,
        null,
        1,
        null,
        null,
        1,
        1,
        null,
        null,
        null,
        null,
        1,
        1,
        null,
        null,
        1,
        null,
        null,
        1,
        null,
        null,
        1,
        null,
        1,
        null,
        null,
        null,
        null,
        1,
        null,
        null,
        1,
        null,
        null,
        null,
        null
      ],
      "/home/viacheslav/rails_projects/list/mylist-back/config/initializers/application_controller_renderer.rb": [
        null,
        null,
        null,
        null,
        null,
        null,
        null,
        null
      ],
      "/home/viacheslav/rails_projects/list/mylist-back/config/initializers/assets.rb": [
        null,
        null,
        null,
        1,
        null,
        null,
        null,
        null,
        1,
        null,
        null,
        null,
        null,
        null
      ],
      "/home/viacheslav/rails_projects/list/mylist-back/config/initializers/backtrace_silencers.rb": [
        null,
        null,
        null,
        null,
        null,
        null,
        null
      ],
      "/home/viacheslav/rails_projects/list/mylist-back/config/initializers/content_security_policy.rb": [
        null,
        null,
        null,
        null,
        null,
        null,
        null,
        null,
        null,
        null,
        null,
        null,
        null,
        null,
        null,
        null,
        null,
        null,
        null,
        null,
        null,
        null,
        null,
        null,
        null
      ],
      "/home/viacheslav/rails_projects/list/mylist-back/config/initializers/cookies_serializer.rb": [
        null,
        null,
        null,
        null,
        1
      ],
      "/home/viacheslav/rails_projects/list/mylist-back/config/initializers/filter_parameter_logging.rb": [
        null,
        null,
        null,
        1
      ],
      "/home/viacheslav/rails_projects/list/mylist-back/config/initializers/inflections.rb": [
        null,
        null,
        null,
        null,
        null,
        null,
        null,
        null,
        null,
        null,
        null,
        null,
        null,
        null,
        null,
        null
      ],
      "/home/viacheslav/rails_projects/list/mylist-back/config/initializers/mime_types.rb": [
        null,
        null,
        null,
        null
      ],
      "/home/viacheslav/rails_projects/list/mylist-back/config/initializers/wrap_parameters.rb": [
        null,
        null,
        null,
        null,
        null,
        null,
        1,
        2,
        null,
        null,
        null,
        null,
        null,
        null
      ],
      "/home/viacheslav/rails_projects/list/mylist-back/spec/factories.rb": [
        1,
        null,
        1,
        2,
        2,
        2,
        null,
        null,
        1,
        1,
        1,
        null,
        null
      ],
      "/home/viacheslav/rails_projects/list/mylist-back/config/routes.rb": [
        1,
        1,
        null,
        null,
        null,
        null,
        null,
        null,
        null,
        null,
        null,
        null,
        1,
        1,
        1,
        1,
        1,
        1,
        1,
        null,
        null,
        null,
        null,
        null,
        null,
        null,
        1,
        1,
        1,
        1,
        null,
        1,
        null,
        null
      ],
      "/home/viacheslav/rails_projects/list/mylist-back/app/helpers/application_helper.rb": [
        1,
        null
      ],
      "/home/viacheslav/rails_projects/list/mylist-back/app/helpers/bests_helper.rb": [
        1,
        null
      ],
      "/home/viacheslav/rails_projects/list/mylist-back/app/helpers/comments_helper.rb": [
        1,
        null
      ],
      "/home/viacheslav/rails_projects/list/mylist-back/app/helpers/jobs_helper.rb": [
        1,
        null
      ],
      "/home/viacheslav/rails_projects/list/mylist-back/app/helpers/nests_helper.rb": [
        1,
        null
      ],
      "/home/viacheslav/rails_projects/list/mylist-back/app/helpers/parts_helper.rb": [
        1,
        null
      ],
      "/home/viacheslav/rails_projects/list/mylist-back/app/helpers/scores_helper.rb": [
        1,
        null
      ],
      "/home/viacheslav/rails_projects/list/mylist-back/app/helpers/sessions_helper.rb": [
        1,
        null
      ],
      "/home/viacheslav/rails_projects/list/mylist-back/app/helpers/tasks_helper.rb": [
        1,
        null
      ],
      "/home/viacheslav/rails_projects/list/mylist-back/app/helpers/tests_helper.rb": [
        1,
        null
      ],
      "/home/viacheslav/rails_projects/list/mylist-back/app/helpers/users_helper.rb": [
        1,
        null
      ],
      "/home/viacheslav/rails_projects/list/mylist-back/spec/support/factory_bot.rb": [
        1,
        1,
        null
      ],
      "/home/viacheslav/rails_projects/list/mylist-back/app/controllers/api/v1/users_controller.rb": [
        1,
        1,
        1,
        1,
        1,
        null,
        null,
        null,
        1,
        0,
        0,
        0,
        0,
        null,
        null,
        null,
        null,
        null,
        1,
        null,
        null,
        null,
        1,
        0,
        null,
        null,
        null,
        1,
        null,
        null,
        null,
        null,
        1,
        0,
        null,
        0,
        0,
        0,
        0,
        null,
        0,
        0,
        null,
        null,
        null,
        null,
        null,
        null,
        1,
        0,
        0,
        0,
        0,
        null,
        0,
        0,
        null,
        null,
        null,
        null,
        null,
        null,
        1,
        0,
        0,
        0,
        0,
        null,
        null,
        null,
        1,
        null,
        1,
        0,
        null,
        null,
        null,
        1,
        0,
        null,
        null,
        null,
        null
      ],
      "/home/viacheslav/rails_projects/list/mylist-back/app/controllers/application_controller.rb": [
        1,
        1,
        1,
        null,
        1,
        0,
        0,
        null,
        1,
        null,
        1,
        0,
        null,
        1,
        null,
        1,
        null,
        1,
        0,
        null,
        null,
        1,
        0,
        null,
        1,
        null
      ],
      "/home/viacheslav/rails_projects/list/mylist-back/app/models/user.rb": [
        1,
        1,
        1,
        1,
        1,
        null,
        1,
        null,
        1,
        1,
        1,
        null,
        1,
        null,
        1,
        null
      ],
      "/home/viacheslav/rails_projects/list/mylist-back/app/models/application_record.rb": [
        1,
        1,
        null
      ],
      "/home/viacheslav/rails_projects/list/mylist-back/app/uploaders/avatar_uploader.rb": [
        1,
        null,
        null,
        null,
        null,
        null,
        1,
        null,
        null,
        null,
        null,
        1,
        0,
        null,
        null,
        null,
        null,
        null,
        null,
        null,
        null,
        null,
        null,
        null,
        null,
        null,
        null,
        null,
        null,
        null,
        null,
        null,
        null,
        null,
        null,
        null,
        null,
        1,
        0,
        null,
        null,
        null,
        null,
        null,
        null,
        null,
        null
      ]
    },
    "timestamp": 1561913215
  }
}
